#
# There is insufficient memory for the Java Runtime Environment to continue.
# Native memory allocation (malloc) failed to allocate 32744 bytes for ChunkPool::allocate
# Possible reasons:
#   The system is out of physical RAM or swap space
#   In 32 bit mode, the process size limit was hit
# Possible solutions:
#   Reduce memory load on the system
#   Increase physical memory or swap space
#   Check if swap backing store is full
#   Use 64 bit Java on a 64 bit OS
#   Decrease Java heap size (-Xmx/-Xms)
#   Decrease number of Java threads
#   Decrease Java thread stack sizes (-Xss)
#   Set larger code cache with -XX:ReservedCodeCacheSize=
# This output file may be truncated or incomplete.
#
#  Out of Memory Error (allocation.cpp:273), pid=4128, tid=0x0000000000000fe0
#
# JRE version: Java(TM) SE Runtime Environment (8.0_144-b01) (build 1.8.0_144-b01)
# Java VM: Java HotSpot(TM) 64-Bit Server VM (25.144-b01 mixed mode windows-amd64 compressed oops)
# Failed to write core dump. Minidumps are not enabled by default on client versions of Windows
#

---------------  T H R E A D  ---------------

Current thread (0x00000000021df800):  JavaThread "main" [_thread_in_vm, id=4064, stack(0x00000000021f0000,0x00000000022f0000)]

Stack: [0x00000000021f0000,0x00000000022f0000]
[error occurred during error reporting (printing stack bounds), id 0xc0000005]

Native frames: (J=compiled Java code, j=interpreted, Vv=VM code, C=native code)

Java frames: (J=compiled Java code, j=interpreted, Vv=VM code)
J 222  java.lang.Throwable.fillInStackTrace(I)Ljava/lang/Throwable; (0 bytes) @ 0x0000000002849fbb [0x0000000002849f80+0x3b]
J 2631 C2 java.lang.ClassNotFoundException.<init>(Ljava/lang/String;)V (7 bytes) @ 0x0000000002fa3ec8 [0x0000000002fa3e20+0xa8]
J 216 C1 java.net.URLClassLoader.findClass(Ljava/lang/String;)Ljava/lang/Class; (47 bytes) @ 0x00000000028489e4 [0x00000000028486c0+0x324]
J 2511 C1 org.codehaus.plexus.classworlds.strategy.SelfFirstStrategy.loadClass(Ljava/lang/String;)Ljava/lang/Class; (50 bytes) @ 0x0000000002f2ff94 [0x0000000002f2f9e0+0x5b4]
J 2506 C1 org.codehaus.plexus.classworlds.realm.ClassRealm.loadClass(Ljava/lang/String;)Ljava/lang/Class; (7 bytes) @ 0x0000000002f2d62c [0x0000000002f2d320+0x30c]
J 2511 C1 org.codehaus.plexus.classworlds.strategy.SelfFirstStrategy.loadClass(Ljava/lang/String;)Ljava/lang/Class; (50 bytes) @ 0x0000000002f2fc94 [0x0000000002f2f9e0+0x2b4]
J 2506 C1 org.codehaus.plexus.classworlds.realm.ClassRealm.loadClass(Ljava/lang/String;)Ljava/lang/Class; (7 bytes) @ 0x0000000002f2d62c [0x0000000002f2d320+0x30c]
v  ~StubRoutines::call_stub
j  org.apache.maven.plugin.war.AbstractWarMojo.buildWebapp(Lorg/apache/maven/project/MavenProject;Ljava/io/File;)V+143
j  org.apache.maven.plugin.war.AbstractWarMojo.buildExplodedWebapp(Ljava/io/File;)V+11
j  org.apache.maven.plugin.war.WarMojo.performPackaging(Ljava/io/File;)V+16
j  org.apache.maven.plugin.war.WarMojo.execute()V+7
j  org.apache.maven.plugin.DefaultBuildPluginManager.executeMojo(Lorg/apache/maven/execution/MavenSession;Lorg/apache/maven/plugin/MojoExecution;)V+101
j  org.apache.maven.lifecycle.internal.MojoExecutor.execute(Lorg/apache/maven/execution/MavenSession;Lorg/apache/maven/plugin/MojoExecution;Lorg/apache/maven/lifecycle/internal/ProjectIndex;Lorg/apache/maven/lifecycle/internal/DependencyContext;)V+215
j  org.apache.maven.lifecycle.internal.MojoExecutor.execute(Lorg/apache/maven/execution/MavenSession;Lorg/apache/maven/plugin/MojoExecution;Lorg/apache/maven/lifecycle/internal/ProjectIndex;Lorg/apache/maven/lifecycle/internal/DependencyContext;Lorg/apache/maven/lifecycle/internal/PhaseRecorder;)V+6
j  org.apache.maven.lifecycle.internal.MojoExecutor.execute(Lorg/apache/maven/execution/MavenSession;Ljava/util/List;Lorg/apache/maven/lifecycle/internal/ProjectIndex;)V+60
j  org.apache.maven.lifecycle.internal.LifecycleModuleBuilder.buildProject(Lorg/apache/maven/execution/MavenSession;Lorg/apache/maven/execution/MavenSession;Lorg/apache/maven/lifecycle/internal/ReactorContext;Lorg/apache/maven/project/MavenProject;Lorg/apache/maven/lifecycle/internal/TaskSegment;)V+107
j  org.apache.maven.lifecycle.internal.LifecycleModuleBuilder.buildProject(Lorg/apache/maven/execution/MavenSession;Lorg/apache/maven/lifecycle/internal/ReactorContext;Lorg/apache/maven/project/MavenProject;Lorg/apache/maven/lifecycle/internal/TaskSegment;)V+7
j  org.apache.maven.lifecycle.internal.LifecycleStarter.singleThreadedBuild(Lorg/apache/maven/execution/MavenSession;Lorg/apache/maven/lifecycle/internal/ReactorContext;Lorg/apache/maven/lifecycle/internal/ProjectBuildList;Ljava/util/List;Lorg/apache/maven/lifecycle/internal/ReactorBuildStatus;)V+77
j  org.apache.maven.lifecycle.internal.LifecycleStarter.execute(Lorg/apache/maven/execution/MavenSession;)V+421
j  org.apache.maven.DefaultMaven.doExecute(Lorg/apache/maven/execution/MavenExecutionRequest;)Lorg/apache/maven/execution/MavenExecutionResult;+585
j  org.apache.maven.DefaultMaven.execute(Lorg/apache/maven/execution/MavenExecutionRequest;)Lorg/apache/maven/execution/MavenExecutionResult;+11
j  org.apache.maven.cli.MavenCli.execute(Lorg/apache/maven/cli/MavenCli$CliRequest;)I+19
j  org.apache.maven.cli.MavenCli.doMain(Lorg/apache/maven/cli/MavenCli$CliRequest;)I+53
j  org.apache.maven.cli.MavenCli.main([Ljava/lang/String;Lorg/codehaus/plexus/classworlds/ClassWorld;)I+18
v  ~StubRoutines::call_stub
j  sun.reflect.NativeMethodAccessorImpl.invoke0(Ljava/lang/reflect/Method;Ljava/lang/Object;[Ljava/lang/Object;)Ljava/lang/Object;+0
j  sun.reflect.NativeMethodAccessorImpl.invoke(Ljava/lang/Object;[Ljava/lang/Object;)Ljava/lang/Object;+100
j  sun.reflect.DelegatingMethodAccessorImpl.invoke(Ljava/lang/Object;[Ljava/lang/Object;)Ljava/lang/Object;+6
j  java.lang.reflect.Method.invoke(Ljava/lang/Object;[Ljava/lang/Object;)Ljava/lang/Object;+56
j  org.codehaus.plexus.classworlds.launcher.Launcher.launchEnhanced([Ljava/lang/String;)V+45
j  org.codehaus.plexus.classworlds.launcher.Launcher.launch([Ljava/lang/String;)V+2
j  org.codehaus.plexus.classworlds.launcher.Launcher.mainWithExitCode([Ljava/lang/String;)I+97
j  org.codehaus.plexus.classworlds.launcher.Launcher.main([Ljava/lang/String;)V+1
v  ~StubRoutines::call_stub

---------------  P R O C E S S  ---------------

Java Threads: ( => current thread )
  0x0000000058307000 JavaThread "resolver-4" daemon [_thread_blocked, id=3548, stack(0x000000005a8b0000,0x000000005a9b0000)]
  0x0000000058306800 JavaThread "resolver-3" daemon [_thread_blocked, id=688, stack(0x000000005a6d0000,0x000000005a7d0000)]
  0x000000005761d000 JavaThread "resolver-2" daemon [_thread_blocked, id=4540, stack(0x0000000056f90000,0x0000000057090000)]
  0x0000000058439800 JavaThread "resolver-1" daemon [_thread_blocked, id=1844, stack(0x000000005a350000,0x000000005a450000)]
  0x00000000568ae000 JavaThread "Service Thread" daemon [_thread_blocked, id=2064, stack(0x0000000057240000,0x0000000057340000)]
  0x000000005683b800 JavaThread "C1 CompilerThread2" daemon [_thread_in_native, id=3624, stack(0x0000000056620000,0x0000000056720000)]
  0x0000000056838000 JavaThread "C2 CompilerThread1" daemon [_thread_in_native, id=4784, stack(0x00000000570a0000,0x00000000571a0000)]
  0x0000000056832800 JavaThread "C2 CompilerThread0" daemon [_thread_in_native, id=1864, stack(0x0000000056e50000,0x0000000056f50000)]
  0x00000000553d6000 JavaThread "Attach Listener" daemon [_thread_blocked, id=4240, stack(0x0000000056c50000,0x0000000056d50000)]
  0x00000000553d4800 JavaThread "Signal Dispatcher" daemon [_thread_blocked, id=4224, stack(0x0000000056d50000,0x0000000056e50000)]
  0x00000000553bc800 JavaThread "Finalizer" daemon [_thread_blocked, id=1364, stack(0x0000000056730000,0x0000000056830000)]
  0x0000000055375800 JavaThread "Reference Handler" daemon [_thread_blocked, id=4504, stack(0x0000000056520000,0x0000000056620000)]
=>0x00000000021df800 JavaThread "main" [_thread_in_vm, id=4064, stack(0x00000000021f0000,0x00000000022f0000)]

Other Threads:
  0x000000005536e000 VMThread [stack: 0x00000000563d0000,0x00000000564d0000] [id=3492]
  0x00000000568bb800 WatcherThread [stack: 0x0000000057470000,0x0000000057570000] [id=1536]

VM state:not at safepoint (normal execution)

VM Mutex/Monitor currently owned by a thread: None

Heap:
 PSYoungGen      total 76800K, used 50004K [0x00000000e8900000, 0x00000000ed700000, 0x0000000100000000)
  eden space 73728K, 63% used [0x00000000e8900000,0x00000000eb6d93e8,0x00000000ed100000)
  from space 3072K, 99% used [0x00000000ed100000,0x00000000ed3fc010,0x00000000ed400000)
  to   space 3072K, 0% used [0x00000000ed400000,0x00000000ed400000,0x00000000ed700000)
 ParOldGen       total 49152K, used 10990K [0x00000000b9a00000, 0x00000000bca00000, 0x00000000e8900000)
  object space 49152K, 22% used [0x00000000b9a00000,0x00000000ba4bba68,0x00000000bca00000)
 Metaspace       used 18113K, capacity 18588K, committed 18816K, reserved 1064960K
  class space    used 2126K, capacity 2329K, committed 2432K, reserved 1048576K

Card table byte_map: [0x0000000011a80000,0x0000000011cc0000] byte_map_base: 0x00000000114b3000

Marking Bits: (ParMarkBitMap*) 0x000000006ff2d850
 Begin Bits: [0x0000000012470000, 0x0000000013608000)
 End Bits:   [0x0000000013608000, 0x00000000147a0000)

Polling page: 0x0000000001c60000

CodeCache: size=245760Kb used=11231Kb max_used=11231Kb free=234528Kb
 bounds [0x00000000026c0000, 0x00000000031c0000, 0x00000000116c0000]
 total_blobs=3624 nmethods=3249 adapters=287
 compilation: enabled

Compilation events (10 events):
Event: 6.936 Thread 0x0000000056838000 3281   !   4       com.google.inject.spi.InjectionPoint::getInjectionPoints (506 bytes)
Event: 6.941 Thread 0x000000005683b800 3284       3       com.google.inject.internal.Annotations::isMarker (14 bytes)
Event: 6.942 Thread 0x000000005683b800 nmethod 3284 0x00000000031aee50 code [0x00000000031aefe0, 0x00000000031af338]
Event: 6.942 Thread 0x000000005683b800 3285       3       com.google.inject.internal.Annotations::canonicalizeIfNamed (22 bytes)
Event: 6.943 Thread 0x000000005683b800 nmethod 3285 0x00000000031baa10 code [0x00000000031babe0, 0x00000000031bb3d8]
Event: 6.943 Thread 0x000000005683b800 3286       3       com.google.inject.Key$AnnotationInstanceStrategy::<init> (18 bytes)
Event: 6.943 Thread 0x000000005683b800 nmethod 3286 0x00000000031bb790 code [0x00000000031bb920, 0x00000000031bbd28]
Event: 6.944 Thread 0x000000005683b800 3287   !   3       org.codehaus.plexus.util.ReflectionUtils::getFieldByNameIncludingSuperclasses (32 bytes)
Event: 6.945 Thread 0x000000005683b800 nmethod 3287 0x00000000031bbf10 code [0x00000000031bc120, 0x00000000031bc8e8]
Event: 6.945 Thread 0x000000005683b800 3288   !   3       org.apache.maven.plugin.PluginParameterExpressionEvaluator::evaluate (1324 bytes)

GC Heap History (10 events):
Event: 0.902 GC heap before
{Heap before GC invocations=1 (full 0):
 PSYoungGen      total 21504K, used 18432K [0x00000000e8900000, 0x00000000ea100000, 0x0000000100000000)
  eden space 18432K, 100% used [0x00000000e8900000,0x00000000e9b00000,0x00000000e9b00000)
  from space 3072K, 0% used [0x00000000e9e00000,0x00000000e9e00000,0x00000000ea100000)
  to   space 3072K, 0% used [0x00000000e9b00000,0x00000000e9b00000,0x00000000e9e00000)
 ParOldGen       total 49152K, used 0K [0x00000000b9a00000, 0x00000000bca00000, 0x00000000e8900000)
  object space 49152K, 0% used [0x00000000b9a00000,0x00000000b9a00000,0x00000000bca00000)
 Metaspace       used 6813K, capacity 6940K, committed 7040K, reserved 1056768K
  class space    used 841K, capacity 888K, committed 896K, reserved 1048576K
Event: 0.924 GC heap after
Heap after GC invocations=1 (full 0):
 PSYoungGen      total 21504K, used 3049K [0x00000000e8900000, 0x00000000eb300000, 0x0000000100000000)
  eden space 18432K, 0% used [0x00000000e8900000,0x00000000e8900000,0x00000000e9b00000)
  from space 3072K, 99% used [0x00000000e9b00000,0x00000000e9dfa428,0x00000000e9e00000)
  to   space 3072K, 0% used [0x00000000eb000000,0x00000000eb000000,0x00000000eb300000)
 ParOldGen       total 49152K, used 342K [0x00000000b9a00000, 0x00000000bca00000, 0x00000000e8900000)
  object space 49152K, 0% used [0x00000000b9a00000,0x00000000b9a55aa8,0x00000000bca00000)
 Metaspace       used 6813K, capacity 6940K, committed 7040K, reserved 1056768K
  class space    used 841K, capacity 888K, committed 896K, reserved 1048576K
}
Event: 1.319 GC heap before
{Heap before GC invocations=2 (full 0):
 PSYoungGen      total 21504K, used 21481K [0x00000000e8900000, 0x00000000eb300000, 0x0000000100000000)
  eden space 18432K, 100% used [0x00000000e8900000,0x00000000e9b00000,0x00000000e9b00000)
  from space 3072K, 99% used [0x00000000e9b00000,0x00000000e9dfa428,0x00000000e9e00000)
  to   space 3072K, 0% used [0x00000000eb000000,0x00000000eb000000,0x00000000eb300000)
 ParOldGen       total 49152K, used 342K [0x00000000b9a00000, 0x00000000bca00000, 0x00000000e8900000)
  object space 49152K, 0% used [0x00000000b9a00000,0x00000000b9a55aa8,0x00000000bca00000)
 Metaspace       used 8278K, capacity 8406K, committed 8576K, reserved 1056768K
  class space    used 1061K, capacity 1116K, committed 1152K, reserved 1048576K
Event: 1.324 GC heap after
Heap after GC invocations=2 (full 0):
 PSYoungGen      total 39936K, used 3065K [0x00000000e8900000, 0x00000000eb300000, 0x0000000100000000)
  eden space 36864K, 0% used [0x00000000e8900000,0x00000000e8900000,0x00000000ead00000)
  from space 3072K, 99% used [0x00000000eb000000,0x00000000eb2fe5f0,0x00000000eb300000)
  to   space 3072K, 0% used [0x00000000ead00000,0x00000000ead00000,0x00000000eb000000)
 ParOldGen       total 49152K, used 484K [0x00000000b9a00000, 0x00000000bca00000, 0x00000000e8900000)
  object space 49152K, 0% used [0x00000000b9a00000,0x00000000b9a79290,0x00000000bca00000)
 Metaspace       used 8278K, capacity 8406K, committed 8576K, reserved 1056768K
  class space    used 1061K, capacity 1116K, committed 1152K, reserved 1048576K
}
Event: 2.428 GC heap before
{Heap before GC invocations=3 (full 0):
 PSYoungGen      total 39936K, used 39929K [0x00000000e8900000, 0x00000000eb300000, 0x0000000100000000)
  eden space 36864K, 100% used [0x00000000e8900000,0x00000000ead00000,0x00000000ead00000)
  from space 3072K, 99% used [0x00000000eb000000,0x00000000eb2fe5f0,0x00000000eb300000)
  to   space 3072K, 0% used [0x00000000ead00000,0x00000000ead00000,0x00000000eb000000)
 ParOldGen       total 49152K, used 484K [0x00000000b9a00000, 0x00000000bca00000, 0x00000000e8900000)
  object space 49152K, 0% used [0x00000000b9a00000,0x00000000b9a79290,0x00000000bca00000)
 Metaspace       used 12274K, capacity 12480K, committed 12672K, reserved 1060864K
  class space    used 1502K, capacity 1578K, committed 1664K, reserved 1048576K
Event: 2.441 GC heap after
Heap after GC invocations=3 (full 0):
 PSYoungGen      total 39936K, used 3040K [0x00000000e8900000, 0x00000000ed700000, 0x0000000100000000)
  eden space 36864K, 0% used [0x00000000e8900000,0x00000000e8900000,0x00000000ead00000)
  from space 3072K, 98% used [0x00000000ead00000,0x00000000eaff8020,0x00000000eb000000)
  to   space 3072K, 0% used [0x00000000ed400000,0x00000000ed400000,0x00000000ed700000)
 ParOldGen       total 49152K, used 4872K [0x00000000b9a00000, 0x00000000bca00000, 0x00000000e8900000)
  object space 49152K, 9% used [0x00000000b9a00000,0x00000000b9ec2280,0x00000000bca00000)
 Metaspace       used 12274K, capacity 12480K, committed 12672K, reserved 1060864K
  class space    used 1502K, capacity 1578K, committed 1664K, reserved 1048576K
}
Event: 3.438 GC heap before
{Heap before GC invocations=4 (full 0):
 PSYoungGen      total 39936K, used 39904K [0x00000000e8900000, 0x00000000ed700000, 0x0000000100000000)
  eden space 36864K, 100% used [0x00000000e8900000,0x00000000ead00000,0x00000000ead00000)
  from space 3072K, 98% used [0x00000000ead00000,0x00000000eaff8020,0x00000000eb000000)
  to   space 3072K, 0% used [0x00000000ed400000,0x00000000ed400000,0x00000000ed700000)
 ParOldGen       total 49152K, used 4872K [0x00000000b9a00000, 0x00000000bca00000, 0x00000000e8900000)
  object space 49152K, 9% used [0x00000000b9a00000,0x00000000b9ec2280,0x00000000bca00000)
 Metaspace       used 12810K, capacity 13048K, committed 13184K, reserved 1060864K
  class space    used 1540K, capacity 1614K, committed 1664K, reserved 1048576K
Event: 3.446 GC heap after
Heap after GC invocations=4 (full 0):
 PSYoungGen      total 76800K, used 3056K [0x00000000e8900000, 0x00000000ed700000, 0x0000000100000000)
  eden space 73728K, 0% used [0x00000000e8900000,0x00000000e8900000,0x00000000ed100000)
  from space 3072K, 99% used [0x00000000ed400000,0x00000000ed6fc010,0x00000000ed700000)
  to   space 3072K, 0% used [0x00000000ed100000,0x00000000ed100000,0x00000000ed400000)
 ParOldGen       total 49152K, used 6700K [0x00000000b9a00000, 0x00000000bca00000, 0x00000000e8900000)
  object space 49152K, 13% used [0x00000000b9a00000,0x00000000ba08b2d8,0x00000000bca00000)
 Metaspace       used 12810K, capacity 13048K, committed 13184K, reserved 1060864K
  class space    used 1540K, capacity 1614K, committed 1664K, reserved 1048576K
}
Event: 5.426 GC heap before
{Heap before GC invocations=5 (full 0):
 PSYoungGen      total 76800K, used 76784K [0x00000000e8900000, 0x00000000ed700000, 0x0000000100000000)
  eden space 73728K, 100% used [0x00000000e8900000,0x00000000ed100000,0x00000000ed100000)
  from space 3072K, 99% used [0x00000000ed400000,0x00000000ed6fc010,0x00000000ed700000)
  to   space 3072K, 0% used [0x00000000ed100000,0x00000000ed100000,0x00000000ed400000)
 ParOldGen       total 49152K, used 6700K [0x00000000b9a00000, 0x00000000bca00000, 0x00000000e8900000)
  object space 49152K, 13% used [0x00000000b9a00000,0x00000000ba08b2d8,0x00000000bca00000)
 Metaspace       used 14150K, capacity 14376K, committed 14592K, reserved 1062912K
  class space    used 1661K, capacity 1758K, committed 1792K, reserved 1048576K
Event: 5.442 GC heap after
Heap after GC invocations=5 (full 0):
 PSYoungGen      total 76800K, used 3056K [0x00000000e8900000, 0x00000000ed700000, 0x0000000100000000)
  eden space 73728K, 0% used [0x00000000e8900000,0x00000000e8900000,0x00000000ed100000)
  from space 3072K, 99% used [0x00000000ed100000,0x00000000ed3fc010,0x00000000ed400000)
  to   space 3072K, 0% used [0x00000000ed400000,0x00000000ed400000,0x00000000ed700000)
 ParOldGen       total 49152K, used 10990K [0x00000000b9a00000, 0x00000000bca00000, 0x00000000e8900000)
  object space 49152K, 22% used [0x00000000b9a00000,0x00000000ba4bba68,0x00000000bca00000)
 Metaspace       used 14150K, capacity 14376K, committed 14592K, reserved 1062912K
  class space    used 1661K, capacity 1758K, committed 1792K, reserved 1048576K
}

Deoptimization events (10 events):
Event: 5.995 Thread 0x00000000021df800 Uncommon trap: reason=unstable_if action=reinterpret pc=0x0000000002fa452c method=org.apache.maven.model.ConfigurationContainer.setLocation(Ljava/lang/Object;Lorg/apache/maven/model/InputLocation;)V @ 1
Event: 5.995 Thread 0x00000000021df800 Uncommon trap: reason=unstable_if action=reinterpret pc=0x0000000002fa4eec method=org.apache.maven.model.ConfigurationContainer.setLocation(Ljava/lang/Object;Lorg/apache/maven/model/InputLocation;)V @ 1
Event: 5.995 Thread 0x00000000021df800 Uncommon trap: reason=unstable_if action=reinterpret pc=0x0000000002feea04 method=org.apache.maven.model.ConfigurationContainer.setLocation(Ljava/lang/Object;Lorg/apache/maven/model/InputLocation;)V @ 1
Event: 5.996 Thread 0x00000000021df800 Uncommon trap: reason=null_check action=make_not_entrant pc=0x0000000002d9bbf0 method=org.apache.maven.model.ConfigurationContainer.getLocation(Ljava/lang/Object;)Lorg/apache/maven/model/InputLocation; @ 17
Event: 6.106 Thread 0x00000000021df800 Uncommon trap: reason=unstable_if action=reinterpret pc=0x0000000002ea3578 method=java.io.WinNTFileSystem.normalize(Ljava/lang/String;)Ljava/lang/String; @ 128
Event: 6.106 Thread 0x00000000021df800 Uncommon trap: reason=class_check action=maybe_recompile pc=0x0000000002c7e5c4 method=java.util.AbstractList$Itr.hasNext()Z @ 8
Event: 6.106 Thread 0x00000000021df800 Uncommon trap: reason=class_check action=maybe_recompile pc=0x0000000002cbd374 method=java.util.AbstractList$Itr.next()Ljava/lang/Object; @ 14
Event: 6.206 Thread 0x00000000021df800 Uncommon trap: reason=unstable_if action=reinterpret pc=0x0000000002ffbbcc method=java.util.StringTokenizer.setMaxDelimCodePoint()V @ 71
Event: 6.347 Thread 0x00000000021df800 Uncommon trap: reason=unstable_if action=reinterpret pc=0x0000000002e438b8 method=java.util.regex.Pattern.clazz(Z)Ljava/util/regex/Pattern$CharProperty; @ 347
Event: 6.872 Thread 0x00000000021df800 Uncommon trap: reason=unstable_if action=reinterpret pc=0x0000000002ce30a0 method=java.util.regex.Pattern.compile()V @ 320

Internal exceptions (10 events):
Event: 2.732 Thread 0x00000000021df800 Implicit null exception at 0x0000000002a3a9eb to 0x0000000002a3afa5
Event: 4.413 Thread 0x00000000021df800 Exception <a 'java/lang/NoClassDefFoundError': org/slf4j/Logger> (0x00000000eb7b5b48) thrown at [C:\re\workspace\8-2-build-windows-amd64-cygwin\jdk8u144\9417\hotspot\src\share\vm\oops\constantPool.cpp, line 235]
Event: 5.157 Thread 0x00000000021df800 Exception <a 'java/lang/NoClassDefFoundError': org/slf4j/Logger> (0x00000000ec1b5e68) thrown at [C:\re\workspace\8-2-build-windows-amd64-cygwin\jdk8u144\9417\hotspot\src\share\vm\oops\constantPool.cpp, line 235]
Event: 5.545 Thread 0x00000000021df800 Exception <a 'java/lang/NoClassDefFoundError': org/slf4j/Logger> (0x00000000e8d099f0) thrown at [C:\re\workspace\8-2-build-windows-amd64-cygwin\jdk8u144\9417\hotspot\src\share\vm\oops\constantPool.cpp, line 235]
Event: 5.857 Thread 0x00000000021df800 Exception <a 'java/lang/NoClassDefFoundError': org/slf4j/Logger> (0x00000000e94e8cd8) thrown at [C:\re\workspace\8-2-build-windows-amd64-cygwin\jdk8u144\9417\hotspot\src\share\vm\oops\constantPool.cpp, line 235]
Event: 5.996 Thread 0x00000000021df800 Implicit null exception at 0x0000000002d9bba8 to 0x0000000002d9bbe6
Event: 6.524 Thread 0x00000000021df800 Exception <a 'java/lang/NoClassDefFoundError': org/slf4j/Logger> (0x00000000eacf4e10) thrown at [C:\re\workspace\8-2-build-windows-amd64-cygwin\jdk8u144\9417\hotspot\src\share\vm\oops\constantPool.cpp, line 235]
Event: 6.656 Thread 0x00000000021df800 Exception <a 'java/io/FileNotFoundException'> (0x00000000eaf6e960) thrown at [C:\re\workspace\8-2-build-windows-amd64-cygwin\jdk8u144\9417\hotspot\src\share\vm\prims\jni.cpp, line 709]
Event: 6.727 Thread 0x00000000021df800 Exception <a 'java/lang/NoSuchFieldError': method resolution failed> (0x00000000eb03b2b0) thrown at [C:\re\workspace\8-2-build-windows-amd64-cygwin\jdk8u144\9417\hotspot\src\share\vm\prims\methodHandles.cpp, line 1146]
Event: 6.731 Thread 0x00000000021df800 Exception <a 'java/lang/NoSuchFieldError': method resolution failed> (0x00000000eb048d40) thrown at [C:\re\workspace\8-2-build-windows-amd64-cygwin\jdk8u144\9417\hotspot\src\share\vm\prims\methodHandles.cpp, line 1146]

Events (10 events):
Event: 6.956 loading class org/apache/maven/plugin/war/util/WebappStructure$RegistrationCallback
Event: 6.956 loading class org/apache/maven/plugin/war/util/WebappStructure$RegistrationCallback done
Event: 6.959 loading class org/codehaus/plexus/util/FileUtils$FilterWrapper
Event: 6.959 loading class org/codehaus/plexus/util/FileUtils$FilterWrapper done
Event: 6.959 loading class org/codehaus/plexus/util/FileUtils$FilterWrapper
Event: 6.959 loading class org/codehaus/plexus/util/FileUtils$FilterWrapper done
Event: 6.959 loading class org/apache/maven/shared/filtering/MavenResourcesExecution$3
Event: 6.959 loading class org/apache/maven/shared/filtering/MavenResourcesExecution$3 done
Event: 6.959 loading class org/apache/maven/shared/filtering/MavenResourcesExecution$3
Event: 6.959 loading class org/apache/maven/shared/filtering/MavenResourcesExecution$3 done


Dynamic libraries:
0x000000013f750000 - 0x000000013f787000 	C:\Program Files\Java\jdk1.8.0_144\bin\java.exe
0x0000000076d30000 - 0x0000000076ed9000 	C:\Windows\SYSTEM32\ntdll.dll
0x0000000076b10000 - 0x0000000076c2f000 	C:\Windows\system32\kernel32.dll
0x000007fefce30000 - 0x000007fefce9c000 	C:\Windows\system32\KERNELBASE.dll
0x000007fefef60000 - 0x000007feff03b000 	C:\Windows\system32\ADVAPI32.dll
0x000007fefddb0000 - 0x000007fefde4f000 	C:\Windows\system32\msvcrt.dll
0x000007fefdd90000 - 0x000007fefddaf000 	C:\Windows\SYSTEM32\sechost.dll
0x000007fefde50000 - 0x000007fefdf7d000 	C:\Windows\system32\RPCRT4.dll
0x0000000076c30000 - 0x0000000076d2a000 	C:\Windows\system32\USER32.dll
0x000007fefd4f0000 - 0x000007fefd557000 	C:\Windows\system32\GDI32.dll
0x000007fefd4e0000 - 0x000007fefd4ee000 	C:\Windows\system32\LPK.dll
0x000007fefda60000 - 0x000007fefdb29000 	C:\Windows\system32\USP10.dll
0x000007fefb500000 - 0x000007fefb6f4000 	C:\Windows\WinSxS\amd64_microsoft.windows.common-controls_6595b64144ccf1df_6.0.7601.17514_none_fa396087175ac9ac\COMCTL32.dll
0x000007fefd9e0000 - 0x000007fefda51000 	C:\Windows\system32\SHLWAPI.dll
0x000007fefd460000 - 0x000007fefd48e000 	C:\Windows\system32\IMM32.DLL
0x000007fefd7f0000 - 0x000007fefd8f9000 	C:\Windows\system32\MSCTF.dll
0x0000000072ec0000 - 0x0000000072f92000 	C:\Program Files\Java\jdk1.8.0_144\jre\bin\msvcr100.dll
0x000000006f710000 - 0x000000006ffad000 	C:\Program Files\Java\jdk1.8.0_144\jre\bin\server\jvm.dll
0x000007feec560000 - 0x000007feec569000 	C:\Windows\system32\WSOCK32.dll
0x000007fefd490000 - 0x000007fefd4dd000 	C:\Windows\system32\WS2_32.dll
0x000007fefd7e0000 - 0x000007fefd7e8000 	C:\Windows\system32\NSI.dll
0x000007fef06c0000 - 0x000007fef06fb000 	C:\Windows\system32\WINMM.dll
0x000007fefbbc0000 - 0x000007fefbbcc000 	C:\Windows\system32\VERSION.dll
0x0000000076f00000 - 0x0000000076f07000 	C:\Windows\system32\PSAPI.DLL
0x0000000074080000 - 0x000000007408f000 	C:\Program Files\Java\jdk1.8.0_144\jre\bin\verify.dll
0x0000000074050000 - 0x0000000074079000 	C:\Program Files\Java\jdk1.8.0_144\jre\bin\java.dll
0x0000000074030000 - 0x0000000074046000 	C:\Program Files\Java\jdk1.8.0_144\jre\bin\zip.dll
0x000007fefdfa0000 - 0x000007fefed28000 	C:\Windows\system32\SHELL32.dll
0x000007fefcf00000 - 0x000007fefd103000 	C:\Windows\system32\ole32.dll
0x000007fefcae0000 - 0x000007fefcaef000 	C:\Windows\system32\profapi.dll
0x000007fefc8e0000 - 0x000007fefc937000 	C:\Windows\system32\apphelp.dll
0x0000000074010000 - 0x000000007402a000 	C:\Program Files\Java\jdk1.8.0_144\jre\bin\net.dll
0x000007fefc280000 - 0x000007fefc2d5000 	C:\Windows\system32\mswsock.dll
0x000007fefc270000 - 0x000007fefc277000 	C:\Windows\System32\wship6.dll
0x0000000073ff0000 - 0x0000000074001000 	C:\Program Files\Java\jdk1.8.0_144\jre\bin\nio.dll
0x000007fefc2e0000 - 0x000007fefc2f7000 	C:\Windows\system32\CRYPTSP.dll
0x000007fefbfe0000 - 0x000007fefc027000 	C:\Windows\system32\rsaenh.dll
0x000007fefcb00000 - 0x000007fefcb1e000 	C:\Windows\system32\USERENV.dll
0x000007fefc980000 - 0x000007fefc98f000 	C:\Windows\system32\CRYPTBASE.dll
0x000007fefa5d0000 - 0x000007fefa5f7000 	C:\Windows\system32\IPHLPAPI.DLL
0x000007fefa5c0000 - 0x000007fefa5cb000 	C:\Windows\system32\WINNSI.DLL
0x000007fefa450000 - 0x000007fefa461000 	C:\Windows\system32\dhcpcsvc6.DLL
0x000007fefa3d0000 - 0x000007fefa3e8000 	C:\Windows\system32\dhcpcsvc.DLL
0x00000000706b0000 - 0x0000000070848000 	C:\Program Files\Java\jdk1.8.0_144\jre\bin\awt.dll
0x000007fefd900000 - 0x000007fefd9d7000 	C:\Windows\system32\OLEAUT32.dll

VM Arguments:
jvm_args: -Dclassworlds.conf=C:\Program Files\NetBeans 8.2\java\maven\bin\m2.conf -Dmaven.home=C:\Program Files\NetBeans 8.2\java\maven 
java_command: org.codehaus.plexus.classworlds.launcher.Launcher -Dnetbeans.deploy=true -Dmaven.ext.class.path=C:\Program Files\NetBeans 8.2\java\maven-nblib\netbeans-eventspy.jar -Dfile.encoding=UTF-8 package
java_class_path (initial): C:\Program Files\NetBeans 8.2\java\maven\boot\plexus-classworlds-2.4.jar
Launcher Type: SUN_STANDARD

Environment Variables:
JAVA_HOME=C:\Program Files\Java\jdk1.8.0_144
PATH=C:\ProgramData\Oracle\Java\javapath;C:\Windows\system32;C:\Windows;C:\Windows\System32\Wbem;C:\Windows\System32\WindowsPowerShell\v1.0\;C:\Program Files\Microsoft SQL Server\120\DTS\Binn\;C:\Program Files\Microsoft SQL Server\Client SDK\ODBC\110\Tools\Binn\;C:\Program Files (x86)\Microsoft SQL Server\120\Tools\Binn\;C:\Program Files\Microsoft SQL Server\120\Tools\Binn\;C:\Program Files (x86)\Microsoft SQL Server\120\Tools\Binn\ManagementStudio\;C:\Program Files (x86)\Microsoft SQL Server\120\DTS\Binn\;C:\Windows\system32\config\systemprofile\.dnx\bin;C:\Program Files\Microsoft DNX\Dnvm\;C:\Program Files\Microsoft SQL Server\130\Tools\Binn\;C:\Program Files\Git\cmd;C:\Program Files\nodejs\;C:\Program Files (x86)\Heroku\bin;C:\Program Files (x86)\git\cmd;C:\Program Files (x86)\Git\cmd;C:\Program Files\TortoiseSVN\bin;C:\Ruby23-x64\bin;C:\Users\Admin\AppData\Roaming\npm
USERNAME=Admin
OS=Windows_NT
PROCESSOR_IDENTIFIER=Intel64 Family 6 Model 58 Stepping 9, GenuineIntel



---------------  S Y S T E M  ---------------

OS: Windows 7 , 64 bit Build 7601 (6.1.7601.18409)

CPU:total 4 (initial active 4) (4 cores per cpu, 1 threads per core) family 6 model 58 stepping 9, cmov, cx8, fxsr, mmx, sse, sse2, sse3, ssse3, sse4.1, sse4.2, popcnt, avx, aes, clmul, erms, tsc, tscinvbit, tscinv

Memory: 4k page, physical 4607480k(975224k free), swap 4605616k(5128k free)

vm_info: Java HotSpot(TM) 64-Bit Server VM (25.144-b01) for windows-amd64 JRE (1.8.0_144-b01), built on Jul 21 2017 21:57:33 by "java_re" with MS VC++ 10.0 (VS2010)

time: Tue Oct 10 00:47:09 2017
elapsed time: 6 seconds (0d 0h 0m 6s)

